[2023-05-25 11:47:19,337] multiqc                                            [DEBUG  ]  This is MultiQC v1.13
[2023-05-25 11:47:19,344] multiqc                                            [DEBUG  ]  Command used: /shared/ifbstor1/software/miniconda/envs/multiqc-1.13/bin/multiqc --force --title linastep sample sub-set ../data/merged_pairs/ ./fastqc/ ./linastep_flash2.log ./bowtie/
[2023-05-25 11:47:19,805] multiqc                                            [WARNING]  MultiQC Version v1.14 now available!
[2023-05-25 11:47:19,805] multiqc                                            [DEBUG  ]  Working dir : /shared/ifbstor1/projects/2314_medbioinfo/lina/MedBioinfo/analyses
[2023-05-25 11:47:19,805] multiqc                                            [DEBUG  ]  Template    : default
[2023-05-25 11:47:19,805] multiqc                                            [DEBUG  ]  Running Python 3.10.6 | packaged by conda-forge | (main, Aug 22 2022, 20:36:39) [GCC 10.4.0]
[2023-05-25 11:47:19,805] multiqc                                            [INFO   ]  Report title: linastep sample sub-set
[2023-05-25 11:47:19,806] multiqc                                            [DEBUG  ]  Analysing modules: custom_content, ccs, ngsderive, purple, conpair, lima, peddy, somalier, methylQA, mosdepth, phantompeakqualtools, qualimap, preseq, quast, qorts, rna_seqc, rockhopper, rsem, rseqc, busco, bustools, goleft_indexcov, gffcompare, disambiguate, supernova, deeptools, sargasso, verifybamid, mirtrace, happy, mirtop, sambamba, homer, hops, macs2, theta2, snpeff, gatk, htseq, bcftools, featureCounts, fgbio, dragen, dedup, pbmarkdup, damageprofiler, biobambam2, jcvi, mtnucratio, picard, vep, sentieon, prokka, qc3C, nanostat, samblaster, samtools, sexdeterrmine, eigenstratdatabasetools, bamtools, jellyfish, vcftools, longranger, stacks, varscan2, snippy, bbmap, bismark, biscuit, hicexplorer, hicup, hicpro, salmon, kallisto, slamdunk, star, hisat2, tophat, bowtie2, bowtie1, snpsplit, odgi, pangolin, kat, leehom, adapterRemoval, clipandmerge, cutadapt, flexbar, kaiju, kraken, malt, trimmomatic, sickle, skewer, sortmerna, biobloomtools, fastq_screen, afterqc, fastp, fastqc, pychopper, pycoqc, minionqc, multivcfanalyzer, clusterflow, checkqc, bcl2fastq, bclconvert, interop, ivar, flash, seqyclean, optitype, whatshap
[2023-05-25 11:47:19,806] multiqc                                            [DEBUG  ]  Using temporary directory for creating report: /tmp/tmp_9ljgfqk
[2023-05-25 11:47:20,158] multiqc                                            [INFO   ]  Search path : /shared/ifbstor1/projects/2314_medbioinfo/lina/MedBioinfo/data/merged_pairs
[2023-05-25 11:47:20,158] multiqc                                            [INFO   ]  Search path : /shared/ifbstor1/projects/2314_medbioinfo/lina/MedBioinfo/analyses/fastqc
[2023-05-25 11:47:20,158] multiqc                                            [INFO   ]  Search path : /shared/ifbstor1/projects/2314_medbioinfo/lina/MedBioinfo/analyses/linastep_flash2.log
[2023-05-25 11:47:20,158] multiqc                                            [INFO   ]  Search path : /shared/ifbstor1/projects/2314_medbioinfo/lina/MedBioinfo/analyses/bowtie
[2023-05-25 11:47:42,931] multiqc                                            [DEBUG  ]  Summary of files that were skipped by the search: [skipped_module_specific_max_filesize: 219] // [skipped_no_match: 53] // [skipped_ignore_pattern: 29]
[2023-05-25 11:47:51,039] multiqc.plots.bargraph                             [DEBUG  ]  Using matplotlib version 3.6.1
[2023-05-25 11:47:51,044] multiqc.plots.linegraph                            [DEBUG  ]  Using matplotlib version 3.6.1
[2023-05-25 11:47:51,057] multiqc                                            [DEBUG  ]  No samples found: custom_content
[2023-05-25 11:47:51,090] multiqc.modules.bowtie2.bowtie2                    [INFO   ]  Found 4 reports
[2023-05-25 11:47:51,678] multiqc.modules.fastqc.fastqc                      [INFO   ]  Found 16 reports
[2023-05-25 11:47:54,304] multiqc.modules.flash.flash                        [INFO   ]  Found 8 log reports
[2023-05-25 11:47:54,406] multiqc.modules.flash.flash                        [INFO   ]  Found 8 histogram reports
[2023-05-25 11:47:54,455] multiqc                                            [INFO   ]  Compressing plot data
[2023-05-25 11:47:54,905] multiqc                                            [INFO   ]  Report      : linastep-sample-sub-set_multiqc_report.html
[2023-05-25 11:47:54,905] multiqc                                            [INFO   ]  Data        : linastep-sample-sub-set_multiqc_report_data
[2023-05-25 11:47:54,905] multiqc                                            [DEBUG  ]  Moving data file from '/tmp/tmp_9ljgfqk/multiqc_data' to '/shared/ifbstor1/projects/2314_medbioinfo/lina/MedBioinfo/analyses/linastep-sample-sub-set_multiqc_report_data'
[2023-05-25 11:47:55,651] multiqc                                            [INFO   ]  MultiQC complete
